
Populatia initiala:
1: 000010101001010110110001, x = -4.46249, f = -91.0429
2: 011001011010100001100110, x = 0.162311, f = 2.38155
3: 010011100011011110001111, x = -1.02804, f = -5.3116
4: 101111010110110010010100, x = 4.61919, f = -69.4902
5: 101011100110111001011000, x = 3.85783, f = -45.9578
6: 000100001011001100111100, x = -4.15195, f = -79.4105
7: 111011111111100110011001, x = 7.18623, f = -183.009
8: 111000101110110001101010, x = 6.52346, f = -148.652
9: 000001110110011011101101, x = -4.62411, f = -97.4021
10: 101110101110111011011000, x = 4.49269, f = -65.259
11: 010011010001011010101110, x = -1.08534, f = -5.96793
12: 010010001110001110110011, x = -1.29858, f = -8.64101
13: 110101001100010001101010, x = 5.80459, f = -115.359
14: 000111100100110111110111, x = -3.4611, f = -56.3
15: 101110111001110011010011, x = 4.5272, f = -66.4006
16: 011001011110101101110010, x = 0.17561, f = 2.40347
17: 010101100111111010010010, x = -0.607705, f = -1.30034
18: 110011000101100010010011, x = 5.37695, f = -97.5153
19: 011101110101111111100000, x = 1.06199, f = 0.674695
20: 001111010111000110000011, x = -1.87983, f = -17.7745
Cromozomul 16 a fost extras prin selectia elitista

Probabilitati selectie:
Cromozomul 1: 0.059204435626400153669
Cromozomul 2: 0.039021603436343359206
Cromozomul 3: 0.040683584694194488418
Cromozomul 4: 0.054548334985999376301
Cromozomul 5: 0.049464534381966927812
Cromozomul 6: 0.056691439604676333031
Cromozomul 7: 0.079072198294169643296
Cromozomul 8: 0.071649874664468399255
Cromozomul 9: 0.060578234214728472751
Cromozomul 10: 0.05363424492128986143
Cromozomul 11: 0.040825373124626751498
Cromozomul 12: 0.041402849872873272175
Cromozomul 13: 0.064457564512916662447
Cromozomul 14: 0.051698811763126913121
Cromozomul 15: 0.053880874606046721964
Cromozomul 16: 0.039817016491236166542
Cromozomul 17: 0.060602696191470961651
Cromozomul 18: 0.039390342080872053909
Cromozomul 19: 0.043375986532593717449
0 0.059204435626400153669 0.098226039062743519814 0.13890962375693799435 0.19345795874293736372 0.24292249312490429847 0.29961393272958064538 0.37868613102375026092 0.45033600568821863241 0.51091423990294715374 0.56454848482423702904 0.60537385794886378054 0.64677670782173701802 0.71123427233465363884 0.76293308409778060053 0.81681395870382733637 0.8566309751950634821 0.91723367138653444375 0.95662401346740644215 1.000000000000000222 
Selectia proportionala:
Am generat numarul 0.87243585005843427016, deci vom alege cromozomul 17
Am generat numarul 0.83676747214357416471, deci vom alege cromozomul 16
Am generat numarul 0.28843684862679402903, deci vom alege cromozomul 6
Am generat numarul 0.088489255726245386047, deci vom alege cromozomul 2
Am generat numarul 0.73072779559109446446, deci vom alege cromozomul 14
Am generat numarul 0.55028979950238887664, deci vom alege cromozomul 10
Am generat numarul 0.28353390042933646065, deci vom alege cromozomul 6
Am generat numarul 0.0041498320492754890709, deci vom alege cromozomul 1
Am generat numarul 0.42628394162791843902, deci vom alege cromozomul 8
Am generat numarul 0.050678126744044559027, deci vom alege cromozomul 1
Am generat numarul 0.15169470675476806609, deci vom alege cromozomul 4
Am generat numarul 0.88267029614283276651, deci vom alege cromozomul 17
Am generat numarul 0.46961085354830373051, deci vom alege cromozomul 9
Am generat numarul 0.45696784863539541277, deci vom alege cromozomul 9
Am generat numarul 0.72965962116911975421, deci vom alege cromozomul 14
Am generat numarul 0.88527083400487316389, deci vom alege cromozomul 17
Am generat numarul 0.24416026555797154529, deci vom alege cromozomul 6
Am generat numarul 0.018533880651109588961, deci vom alege cromozomul 1
Am generat numarul 0.15598062581823488038, deci vom alege cromozomul 4

Dupa selectie (primul a fost selectat elitist):
1: 011001011110101101110010, x = 0.17561, f = 2.4034748061698678612
2: 110011000101100010010011, x = 5.37694, f = -97.515313498011224169
3: 010101100111111010010010, x = -0.607705, f = -1.3003401937308467495
4: 000100001011001100111100, x = -4.15195, f = -79.410471437908427106
5: 011001011010100001100110, x = 0.16231, f = 2.3815526741518056042
6: 000111100100110111110111, x = -3.4611, f = -56.300062665109990689
7: 101110101110111011011000, x = 4.49269, f = -65.259002297128063219
8: 000100001011001100111100, x = -4.15195, f = -79.410471437908427106
9: 000010101001010110110001, x = -4.46249, f = -91.042895714184979283
10: 111000101110110001101010, x = 6.52346, f = -148.65167262583241836
11: 000010101001010110110001, x = -4.46249, f = -91.042895714184979283
12: 101111010110110010010100, x = 4.61919, f = -69.490239978171530311
13: 110011000101100010010011, x = 5.37694, f = -97.515313498011224169
14: 000001110110011011101101, x = -4.62411, f = -97.40208128847122282
15: 000001110110011011101101, x = -4.62411, f = -97.40208128847122282
16: 000111100100110111110111, x = -3.4611, f = -56.300062665109990689
17: 110011000101100010010011, x = 5.37694, f = -97.515313498011224169
18: 000100001011001100111100, x = -4.15195, f = -79.410471437908427106
19: 000010101001010110110001, x = -4.46249, f = -91.042895714184979283
20: 101111010110110010010100, x = 4.61919, f = -69.490239978171530311
Probabilitatea de incrucisare este 0.25
2: 110011000101100010010011, p = 0.6397005019749576471 > 0.25, deci nu participa
3: 010101100111111010010010, p = 0.27448688744999638622 > 0.25, deci nu participa
4: 000100001011001100111100, p = 0.88329788093627015222 > 0.25, deci nu participa
5: 011001011010100001100110, p = 0.047775693183179999968 <= 0.25, deci participa
6: 000111100100110111110111, p = 0.87990056932719740157 > 0.25, deci nu participa
7: 101110101110111011011000, p = 0.056008751118515678891 <= 0.25, deci participa
8: 000100001011001100111100, p = 0.40350321524162341413 > 0.25, deci nu participa
9: 000010101001010110110001, p = 0.067781169170844091099 <= 0.25, deci participa
10: 111000101110110001101010, p = 0.71790640178620745981 > 0.25, deci nu participa
11: 000010101001010110110001, p = 0.25611187992533962499 > 0.25, deci nu participa
12: 101111010110110010010100, p = 0.95723209109491491642 > 0.25, deci nu participa
13: 110011000101100010010011, p = 0.53491284652822201906 > 0.25, deci nu participa
14: 000001110110011011101101, p = 0.05359849431989698737 <= 0.25, deci participa
15: 000001110110011011101101, p = 0.55812819837048122107 > 0.25, deci nu participa
16: 000111100100110111110111, p = 0.38533294648633342749 > 0.25, deci nu participa
17: 110011000101100010010011, p = 0.044594209734806378176 <= 0.25, deci participa
18: 000100001011001100111100, p = 0.56614129906061561037 > 0.25, deci nu participa
19: 000010101001010110110001, p = 0.92324951767104368461 > 0.25, deci nu participa
20: 101111010110110010010100, p = 0.69527287078122290698 > 0.25, deci nu participa
Recombinari:
S-au incrucisat cromozomii , 0, 1:
011001011010100001100110 101110101110111011011000 
Break points: 8 9
Rezultat: 011001011010100001100110 101110101110111011011000 
S-au incrucisat cromozomii , 0, 1, 2:
000010101001010110110001 000001110110011011101101 110011000101100010010011 
Break points: 0 8
Rezultat: 110011001001010110110001 000010100110011011101101 000001110101100010010011 

Dupa recombinare (primul a fost selectat elitist, nu a participat):
1: 110011000101100010010011, x = 5.37694, f = -97.515313498011224169
2: 010101100111111010010010, x = -0.607705, f = -1.3003401937308467495
3: 000100001011001100111100, x = -4.15195, f = -79.410471437908427106
4: 011001011010100001100110, x = 0.16231, f = 2.3815526741518056042
5: 000111100100110111110111, x = -3.4611, f = -56.300062665109990689
6: 101110101110111011011000, x = 4.49269, f = -65.259002297128063219
7: 000100001011001100111100, x = -4.15195, f = -79.410471437908427106
8: 110011001001010110110001, x = 5.38907, f = -98.001028670361975514
9: 111000101110110001101010, x = 6.52346, f = -148.65167262583241836
10: 000010101001010110110001, x = -4.46249, f = -91.042895714184979283
11: 101111010110110010010100, x = 4.61919, f = -69.490239978171530311
12: 110011000101100010010011, x = 5.37694, f = -97.515313498011224169
13: 000010100110011011101101, x = -4.47177, f = -91.402245020567775668
14: 000001110110011011101101, x = -4.62411, f = -97.40208128847122282
15: 000111100100110111110111, x = -3.4611, f = -56.300062665109990689
16: 000001110101100010010011, x = -4.62696, f = -97.515967020100347895
17: 000100001011001100111100, x = -4.15195, f = -79.410471437908427106
18: 000010101001010110110001, x = -4.46249, f = -91.042895714184979283
19: 101111010110110010010100, x = 4.61919, f = -69.490239978171530311
Probabilitatea de mutatie este 0.010000000000000000208
Au fost modificati cromozomii:
3
4
7
10
Dupa mutatie (primul a fost selectat elitist, nu a participat):
1: 110011000101100010010011, x = 5.37694, f = -97.515313498011224169
2: 010101100111111010010010, x = -0.607705, f = -1.3003401937308467495
3: 000101001011001100111100, x = -3.94882, f = -72.219222752786890851
4: 011001011011100001100110, x = 0.165484, f = 2.3869127012284820921
5: 000111100100110111110111, x = -3.4611, f = -56.300062665109990689
6: 101110101110111011011000, x = 4.49269, f = -65.259002297128063219
7: 000100001011001100011100, x = -4.15197, f = -79.411369424711892862
8: 110011001001010110110001, x = 5.38907, f = -98.001028670361975514
9: 111000101110110001101010, x = 6.52346, f = -148.65167262583241836
10: 000010101001010110110011, x = -4.46249, f = -91.042835740074465889
11: 101111010110110010010100, x = 4.61919, f = -69.490239978171530311
12: 110011000101100010010011, x = 5.37694, f = -97.515313498011224169
13: 000010100110011011101101, x = -4.47177, f = -91.402245020567775668
14: 000001110110011011101101, x = -4.62411, f = -97.40208128847122282
15: 000111100100110111110111, x = -3.4611, f = -56.300062665109990689
16: 000001110101100010010011, x = -4.62696, f = -97.515967020100347895
17: 000100001011001100111100, x = -4.15195, f = -79.410471437908427106
18: 000010101001010110110001, x = -4.46249, f = -91.042895714184979283
19: 101111010110110010010100, x = 4.61919, f = -69.490239978171530311
Max fitness 1: 2.4034748061698678612
Mean fitness 1: -72.723998848052332278
Max fitness 2: 2.4034748061698678612
Mean fitness 2: -88.800292193101611815
Max fitness 3: 2.4034748061698678612
Mean fitness 3: -69.769602875233459827
Max fitness 4: 2.4034748061698678612
Mean fitness 4: -63.842238746884468981
Max fitness 5: 2.4034748061698678612
Mean fitness 5: -60.073088905197892018
Max fitness 6: 2.4034748061698678612
Mean fitness 6: -42.864691572478292869
Max fitness 7: 2.4034748061698678612
Mean fitness 7: -36.393038563041308464
Max fitness 8: 2.4034748061698678612
Mean fitness 8: -40.601991242800195892
Max fitness 9: 2.4034748061698678612
Mean fitness 9: -49.956574069563131957
Max fitness 10: 2.4034748061698678612
Mean fitness 10: -54.95403664068957994
Max fitness 11: 2.4034748061698678612
Mean fitness 11: -62.087850208199903079
Max fitness 12: 2.4034748061698678612
Mean fitness 12: -72.454446754342868076
Max fitness 13: 2.4034748061698678612
Mean fitness 13: -70.104493585991022542
Max fitness 14: 2.4034748061698678612
Mean fitness 14: -77.408120952476053844
Max fitness 15: 2.4034748061698678612
Mean fitness 15: -84.811618590498852654
Max fitness 16: 2.4034748061698678612
Mean fitness 16: -82.160023925985257165
Max fitness 17: 2.4034748061698678612
Mean fitness 17: -83.19576356810658524
Max fitness 18: 2.4034748061698678612
Mean fitness 18: -84.79415711602435124
Max fitness 19: 2.4034748061698678612
Mean fitness 19: -86.613481066596548885
Max fitness 20: 2.4034748061698678612
Mean fitness 20: -77.385879103102723775
Max fitness 21: 2.4034748061698678612
Mean fitness 21: -79.202841900818569343
Max fitness 22: 2.4034748061698678612
Mean fitness 22: -89.796989294572441054
Max fitness 23: 2.4034748061698678612
Mean fitness 23: -93.210148994494247177
Max fitness 24: 2.4744114479920966687
Mean fitness 24: -87.568014464562537569
Max fitness 25: 2.4744114479920966687
Mean fitness 25: -87.005107431195227718
Max fitness 26: 2.4744114479920966687
Mean fitness 26: -83.854535940262721283
Max fitness 27: 2.4744114479920966687
Mean fitness 27: -88.541661111977035148
Max fitness 28: 2.4744114479920966687
Mean fitness 28: -85.221445465197561475
Max fitness 29: 2.4744114479920966687
Mean fitness 29: -80.045478796109748032
Max fitness 30: 2.4744114479920966687
Mean fitness 30: -86.382972964636877578
Max fitness 31: 2.4744114479920966687
Mean fitness 31: -86.25857132926520876
Max fitness 32: 2.4744114479920966687
Mean fitness 32: -82.105036860312551994
Max fitness 33: 2.4744114479920966687
Mean fitness 33: -76.311247024241566805
Max fitness 34: 2.4744114479920966687
Mean fitness 34: -77.931492901697936304
Max fitness 35: 2.4744114479920966687
Mean fitness 35: -76.133184759350996273
Max fitness 36: 2.4744114479920966687
Mean fitness 36: -77.873569932501609969
Max fitness 37: 2.4744114479920966687
Mean fitness 37: -74.518287438971285042
Max fitness 38: 2.4744114479920966687
Mean fitness 38: -71.368965611834298102
Max fitness 39: 2.4744114479920966687
Mean fitness 39: -66.880774063785366934
Max fitness 40: 2.4744114479920966687
Mean fitness 40: -84.09486282122301759
Max fitness 41: 2.4744114479920966687
Mean fitness 41: -76.71240246513683303
Max fitness 42: 2.4744114479920966687
Mean fitness 42: -84.781043711763359738
Max fitness 43: 2.4744114479920966687
Mean fitness 43: -89.182400504500705551
Max fitness 44: 2.4744114479920966687
Mean fitness 44: -88.687524104027403382
Max fitness 45: 2.4744114479920966687
Mean fitness 45: -92.900012619607565512
Max fitness 46: 2.4744114479920966687
Mean fitness 46: -98.418553417109976067
Max fitness 47: 2.4744114479920966687
Mean fitness 47: -98.200247711977652898
Max fitness 48: 2.4744114479920966687
Mean fitness 48: -90.880872428029391585
Max fitness 49: 2.4744114479920966687
Mean fitness 49: -98.488143751913924007
Max fitness 50: 2.4744114479920966687
Mean fitness 50: -98.166755509615356345
